DEBUG:root:This message should go to the log file
INFO:root:So should this
WARNING:root:And this, too
ERROR:root:And non-ASCII stuff, too, like Øresund and Malmö
DEBUG:root:This message should go to the log file
INFO:root:So should this
WARNING:root:And this, too
ERROR:root:And non-ASCII stuff, too, like Øresund and Malmö
DEBUG:This message should go to the log file
INFO:So should this
WARNING:And this, too
ERROR:And non-ASCII stuff, too, like Øresund and Malmö
DEBUG:This message should go to the log file
INFO:So should this
WARNING:And this, too
ERROR:And non-ASCII stuff, too, like Øresund and Malmö
DEBUG:root:This message should go to the log file
INFO:root:So should this
WARNING:root:And this, too
ERROR:root:And non-ASCII stuff, too, like Øresund and Malmö
DEBUG:This message should go to the log file
INFO:So should this
WARNING:And this, too
ERROR:And non-ASCII stuff, too, like Øresund and Malmö
DEBUG:This message should go to the log file
INFO:So should this
WARNING:And this, too
ERROR:And non-ASCII stuff, too, like Øresund and Malmö
2021-02-03 16:15:07,770:DEBUG:This message should go to the log file
2021-02-03 16:15:07,770:INFO:So should this
2021-02-03 16:15:07,770:WARNING:And this, too
2021-02-03 16:15:07,770:ERROR:And non-ASCII stuff, too, like Øresund and Malmö
2021-02-03 16:15:53,631:114:DEBUG:This message should go to the log file
2021-02-03 16:15:53,631:115:INFO:So should this
2021-02-03 16:15:53,631:116:WARNING:And this, too
2021-02-03 16:15:53,631:117:ERROR:And non-ASCII stuff, too, like Øresund and Malmö
2021-02-03 16:16:23,385:main:114:DEBUG:This message should go to the log file
2021-02-03 16:16:23,385:main:115:INFO:So should this
2021-02-03 16:16:23,385:main:116:WARNING:And this, too
2021-02-03 16:16:23,385:main:117:ERROR:And non-ASCII stuff, too, like Øresund and Malmö
2021-02-03 16:17:15,495:FILE map_test.py:FUNCTION main:ROW 114:DEBUG:This message should go to the log file
2021-02-03 16:17:15,495:FILE map_test.py:FUNCTION main:ROW 115:INFO:So should this
2021-02-03 16:17:15,495:FILE map_test.py:FUNCTION main:ROW 116:WARNING:And this, too
2021-02-03 16:17:15,495:FILE map_test.py:FUNCTION main:ROW 117:ERROR:And non-ASCII stuff, too, like Øresund and Malmö
2021-02-03 16:21:45,276:FILE map_test.py:FUNCTION main:ROW 114:DEBUG:This message should go to the log file
2021-02-03 16:21:45,276:FILE map_test.py:FUNCTION main:ROW 115:INFO:So should this
2021-02-03 16:21:45,276:FILE map_test.py:FUNCTION main:ROW 116:WARNING:And this, too
2021-02-03 16:21:45,276:FILE map_test.py:FUNCTION main:ROW 117:ERROR:And non-ASCII stuff, too, like Øresund and Malmö
